running egg_info
creating ../../build/Cuadrado/Cuadrado.egg-info
writing ../../build/Cuadrado/Cuadrado.egg-info/PKG-INFO
writing dependency_links to ../../build/Cuadrado/Cuadrado.egg-info/dependency_links.txt
writing entry points to ../../build/Cuadrado/Cuadrado.egg-info/entry_points.txt
writing requirements to ../../build/Cuadrado/Cuadrado.egg-info/requires.txt
writing top-level names to ../../build/Cuadrado/Cuadrado.egg-info/top_level.txt
writing manifest file '../../build/Cuadrado/Cuadrado.egg-info/SOURCES.txt'
reading manifest file '../../build/Cuadrado/Cuadrado.egg-info/SOURCES.txt'
writing manifest file '../../build/Cuadrado/Cuadrado.egg-info/SOURCES.txt'
running build
running build_py
creating /home/rodrigo/Documentos/Escuela/Robotica/Cuadrado_ws/build/Cuadrado/build
creating /home/rodrigo/Documentos/Escuela/Robotica/Cuadrado_ws/build/Cuadrado/build/lib
creating /home/rodrigo/Documentos/Escuela/Robotica/Cuadrado_ws/build/Cuadrado/build/lib/Cuadrado
copying Cuadrado/cuadrado_prueba.py -> /home/rodrigo/Documentos/Escuela/Robotica/Cuadrado_ws/build/Cuadrado/build/lib/Cuadrado
copying Cuadrado/__init__.py -> /home/rodrigo/Documentos/Escuela/Robotica/Cuadrado_ws/build/Cuadrado/build/lib/Cuadrado
running install
running install_lib
creating /home/rodrigo/Documentos/Escuela/Robotica/Cuadrado_ws/install/Cuadrado/lib/python3.10/site-packages/Cuadrado
copying /home/rodrigo/Documentos/Escuela/Robotica/Cuadrado_ws/build/Cuadrado/build/lib/Cuadrado/cuadrado_prueba.py -> /home/rodrigo/Documentos/Escuela/Robotica/Cuadrado_ws/install/Cuadrado/lib/python3.10/site-packages/Cuadrado
copying /home/rodrigo/Documentos/Escuela/Robotica/Cuadrado_ws/build/Cuadrado/build/lib/Cuadrado/__init__.py -> /home/rodrigo/Documentos/Escuela/Robotica/Cuadrado_ws/install/Cuadrado/lib/python3.10/site-packages/Cuadrado
byte-compiling /home/rodrigo/Documentos/Escuela/Robotica/Cuadrado_ws/install/Cuadrado/lib/python3.10/site-packages/Cuadrado/cuadrado_prueba.py to cuadrado_prueba.cpython-310.pyc
byte-compiling /home/rodrigo/Documentos/Escuela/Robotica/Cuadrado_ws/install/Cuadrado/lib/python3.10/site-packages/Cuadrado/__init__.py to __init__.cpython-310.pyc
running install_data
creating /home/rodrigo/Documentos/Escuela/Robotica/Cuadrado_ws/install/Cuadrado/share/ament_index
creating /home/rodrigo/Documentos/Escuela/Robotica/Cuadrado_ws/install/Cuadrado/share/ament_index/resource_index
creating /home/rodrigo/Documentos/Escuela/Robotica/Cuadrado_ws/install/Cuadrado/share/ament_index/resource_index/packages
copying resource/Cuadrado -> /home/rodrigo/Documentos/Escuela/Robotica/Cuadrado_ws/install/Cuadrado/share/ament_index/resource_index/packages
copying package.xml -> /home/rodrigo/Documentos/Escuela/Robotica/Cuadrado_ws/install/Cuadrado/share/Cuadrado
running install_egg_info
Copying ../../build/Cuadrado/Cuadrado.egg-info to /home/rodrigo/Documentos/Escuela/Robotica/Cuadrado_ws/install/Cuadrado/lib/python3.10/site-packages/Cuadrado-0.0.0-py3.10.egg-info
running install_scripts
writing list of installed files to '/home/rodrigo/Documentos/Escuela/Robotica/Cuadrado_ws/build/Cuadrado/install.log'
