[7.356s] DEBUG:colcon:Command line arguments: ['/usr/bin/colcon', 'build', '--parallel-workers', '1', '--cmake-args', '-DCMAKE_CXX_FLAGS=--param ggc-min-expand=20']
[7.356s] DEBUG:colcon:Parsed command line arguments: Namespace(log_base=None, log_level=None, verb_name='build', build_base='build', install_base='install', merge_install=False, symlink_install=False, test_result_base=None, continue_on_error=False, executor='parallel', parallel_workers=1, event_handlers=None, ignore_user_meta=False, metas=['./colcon.meta'], base_paths=['.'], packages_ignore=None, packages_ignore_regex=None, paths=None, packages_up_to=None, packages_up_to_regex=None, packages_above=None, packages_above_and_dependencies=None, packages_above_depth=None, packages_select_by_dep=None, packages_skip_by_dep=None, packages_skip_up_to=None, packages_select_build_failed=False, packages_skip_build_finished=False, packages_select_test_failures=False, packages_skip_test_passed=False, packages_select=None, packages_skip=None, packages_select_regex=None, packages_skip_regex=None, packages_start=None, packages_end=None, allow_overriding=[], cmake_args=['-DCMAKE_CXX_FLAGS=--param ggc-min-expand=20'], cmake_target=None, cmake_target_skip_unavailable=False, cmake_clean_cache=False, cmake_clean_first=False, cmake_force_configure=False, ament_cmake_args=None, catkin_cmake_args=None, catkin_skip_building_tests=False, verb_parser=<colcon_defaults.argument_parser.defaults.DefaultArgumentsDecorator object at 0x7f5441c4c940>, verb_extension=<colcon_core.verb.build.BuildVerb object at 0x7f544255e110>, main=<bound method BuildVerb.main of <colcon_core.verb.build.BuildVerb object at 0x7f544255e110>>)
[7.863s] Level 1:colcon.colcon_core.package_discovery:discover_packages(colcon_meta) check parameters
[7.863s] Level 1:colcon.colcon_core.package_discovery:discover_packages(recursive) check parameters
[7.863s] Level 1:colcon.colcon_core.package_discovery:discover_packages(ignore) check parameters
[7.863s] Level 1:colcon.colcon_core.package_discovery:discover_packages(path) check parameters
[7.863s] Level 1:colcon.colcon_core.package_discovery:discover_packages(colcon_meta) discover
[7.863s] Level 1:colcon.colcon_core.package_discovery:discover_packages(recursive) discover
[7.863s] INFO:colcon.colcon_core.package_discovery:Crawling recursively for packages in '/home/rodrigo/Documentos/Escuela/Robotica/Cuadrado_ws'
[8.109s] Level 1:colcon.colcon_core.package_identification:_identify(.) by extensions ['ignore', 'ignore_ament_install']
[8.110s] Level 1:colcon.colcon_core.package_identification:_identify(.) by extension 'ignore'
[8.110s] Level 1:colcon.colcon_core.package_identification:_identify(.) by extension 'ignore_ament_install'
[8.110s] Level 1:colcon.colcon_core.package_identification:_identify(.) by extensions ['colcon_pkg']
[8.110s] Level 1:colcon.colcon_core.package_identification:_identify(.) by extension 'colcon_pkg'
[8.111s] Level 1:colcon.colcon_core.package_identification:_identify(.) by extensions ['colcon_meta']
[8.111s] Level 1:colcon.colcon_core.package_identification:_identify(.) by extension 'colcon_meta'
[8.111s] Level 1:colcon.colcon_core.package_identification:_identify(.) by extensions ['ros']
[8.111s] Level 1:colcon.colcon_core.package_identification:_identify(.) by extension 'ros'
[8.532s] Level 1:colcon.colcon_core.package_identification:_identify(.) by extensions ['cmake', 'python']
[8.532s] Level 1:colcon.colcon_core.package_identification:_identify(.) by extension 'cmake'
[8.532s] Level 1:colcon.colcon_core.package_identification:_identify(.) by extension 'python'
[8.532s] Level 1:colcon.colcon_core.package_identification:_identify(.) by extensions ['python_setup_py']
[8.532s] Level 1:colcon.colcon_core.package_identification:_identify(.) by extension 'python_setup_py'
[8.713s] Level 1:colcon.colcon_core.package_identification:_identify(build) by extensions ['ignore', 'ignore_ament_install']
[8.714s] Level 1:colcon.colcon_core.package_identification:_identify(build) by extension 'ignore'
[8.714s] Level 1:colcon.colcon_core.package_identification:_identify(build) ignored
[8.914s] Level 1:colcon.colcon_core.package_identification:_identify(install) by extensions ['ignore', 'ignore_ament_install']
[8.915s] Level 1:colcon.colcon_core.package_identification:_identify(install) by extension 'ignore'
[8.915s] Level 1:colcon.colcon_core.package_identification:_identify(install) ignored
[8.915s] Level 1:colcon.colcon_core.package_identification:_identify(log) by extensions ['ignore', 'ignore_ament_install']
[8.916s] Level 1:colcon.colcon_core.package_identification:_identify(log) by extension 'ignore'
[8.916s] Level 1:colcon.colcon_core.package_identification:_identify(log) ignored
[9.119s] Level 1:colcon.colcon_core.package_identification:_identify(src) by extensions ['ignore', 'ignore_ament_install']
[9.120s] Level 1:colcon.colcon_core.package_identification:_identify(src) by extension 'ignore'
[9.120s] Level 1:colcon.colcon_core.package_identification:_identify(src) by extension 'ignore_ament_install'
[9.120s] Level 1:colcon.colcon_core.package_identification:_identify(src) by extensions ['colcon_pkg']
[9.121s] Level 1:colcon.colcon_core.package_identification:_identify(src) by extension 'colcon_pkg'
[9.121s] Level 1:colcon.colcon_core.package_identification:_identify(src) by extensions ['colcon_meta']
[9.121s] Level 1:colcon.colcon_core.package_identification:_identify(src) by extension 'colcon_meta'
[9.121s] Level 1:colcon.colcon_core.package_identification:_identify(src) by extensions ['ros']
[9.122s] Level 1:colcon.colcon_core.package_identification:_identify(src) by extension 'ros'
[9.122s] Level 1:colcon.colcon_core.package_identification:_identify(src) by extensions ['cmake', 'python']
[9.122s] Level 1:colcon.colcon_core.package_identification:_identify(src) by extension 'cmake'
[9.122s] Level 1:colcon.colcon_core.package_identification:_identify(src) by extension 'python'
[9.123s] Level 1:colcon.colcon_core.package_identification:_identify(src) by extensions ['python_setup_py']
[9.123s] Level 1:colcon.colcon_core.package_identification:_identify(src) by extension 'python_setup_py'
[9.290s] Level 1:colcon.colcon_core.package_identification:_identify(src/Cuadrado) by extensions ['ignore', 'ignore_ament_install']
[9.291s] Level 1:colcon.colcon_core.package_identification:_identify(src/Cuadrado) by extension 'ignore'
[9.291s] Level 1:colcon.colcon_core.package_identification:_identify(src/Cuadrado) by extension 'ignore_ament_install'
[9.291s] Level 1:colcon.colcon_core.package_identification:_identify(src/Cuadrado) by extensions ['colcon_pkg']
[9.291s] Level 1:colcon.colcon_core.package_identification:_identify(src/Cuadrado) by extension 'colcon_pkg'
[9.292s] Level 1:colcon.colcon_core.package_identification:_identify(src/Cuadrado) by extensions ['colcon_meta']
[9.292s] Level 1:colcon.colcon_core.package_identification:_identify(src/Cuadrado) by extension 'colcon_meta'
[9.292s] Level 1:colcon.colcon_core.package_identification:_identify(src/Cuadrado) by extensions ['ros']
[9.292s] Level 1:colcon.colcon_core.package_identification:_identify(src/Cuadrado) by extension 'ros'
[9.297s] DEBUG:colcon.colcon_core.package_identification:Package 'src/Cuadrado' with type 'ros.ament_python' and name 'Cuadrado'
[9.297s] Level 1:colcon.colcon_core.package_discovery:discover_packages(recursive) using defaults
[9.297s] Level 1:colcon.colcon_core.package_discovery:discover_packages(ignore) discover
[9.297s] Level 1:colcon.colcon_core.package_discovery:discover_packages(ignore) using defaults
[9.297s] Level 1:colcon.colcon_core.package_discovery:discover_packages(path) discover
[9.297s] Level 1:colcon.colcon_core.package_discovery:discover_packages(path) using defaults
[9.673s] Level 1:colcon.colcon_core.package_discovery:discover_packages(prefix_path) check parameters
[9.674s] Level 1:colcon.colcon_core.package_discovery:discover_packages(prefix_path) discover
[10.797s] DEBUG:colcon.colcon_installed_package_information.package_discovery:Found 282 installed packages in /opt/ros/humble
[10.804s] Level 1:colcon.colcon_core.package_discovery:discover_packages(prefix_path) using defaults
[10.894s] Level 5:colcon.colcon_core.verb:set package 'Cuadrado' build argument 'cmake_args' from command line to '['-DCMAKE_CXX_FLAGS=--param ggc-min-expand=20']'
[10.894s] Level 5:colcon.colcon_core.verb:set package 'Cuadrado' build argument 'cmake_target' from command line to 'None'
[10.894s] Level 5:colcon.colcon_core.verb:set package 'Cuadrado' build argument 'cmake_target_skip_unavailable' from command line to 'False'
[10.894s] Level 5:colcon.colcon_core.verb:set package 'Cuadrado' build argument 'cmake_clean_cache' from command line to 'False'
[10.894s] Level 5:colcon.colcon_core.verb:set package 'Cuadrado' build argument 'cmake_clean_first' from command line to 'False'
[10.894s] Level 5:colcon.colcon_core.verb:set package 'Cuadrado' build argument 'cmake_force_configure' from command line to 'False'
[10.894s] Level 5:colcon.colcon_core.verb:set package 'Cuadrado' build argument 'ament_cmake_args' from command line to 'None'
[10.894s] Level 5:colcon.colcon_core.verb:set package 'Cuadrado' build argument 'catkin_cmake_args' from command line to 'None'
[10.894s] Level 5:colcon.colcon_core.verb:set package 'Cuadrado' build argument 'catkin_skip_building_tests' from command line to 'False'
[10.894s] DEBUG:colcon.colcon_core.verb:Building package 'Cuadrado' with the following arguments: {'ament_cmake_args': None, 'build_base': '/home/rodrigo/Documentos/Escuela/Robotica/Cuadrado_ws/build/Cuadrado', 'catkin_cmake_args': None, 'catkin_skip_building_tests': False, 'cmake_args': ['-DCMAKE_CXX_FLAGS=--param ggc-min-expand=20'], 'cmake_clean_cache': False, 'cmake_clean_first': False, 'cmake_force_configure': False, 'cmake_target': None, 'cmake_target_skip_unavailable': False, 'install_base': '/home/rodrigo/Documentos/Escuela/Robotica/Cuadrado_ws/install/Cuadrado', 'merge_install': False, 'path': '/home/rodrigo/Documentos/Escuela/Robotica/Cuadrado_ws/src/Cuadrado', 'symlink_install': False, 'test_result_base': None}
[10.895s] INFO:colcon.colcon_core.executor:Executing jobs using 'parallel' executor
[10.898s] DEBUG:colcon.colcon_parallel_executor.executor.parallel:run_until_complete
[10.898s] INFO:colcon.colcon_ros.task.ament_python.build:Building ROS package in '/home/rodrigo/Documentos/Escuela/Robotica/Cuadrado_ws/src/Cuadrado' with build type 'ament_python'
[10.898s] Level 1:colcon.colcon_core.shell:create_environment_hook('Cuadrado', 'ament_prefix_path')
[10.956s] INFO:colcon.colcon_core.plugin_system:Skipping extension 'colcon_core.shell.bat': Not used on non-Windows systems
[10.957s] INFO:colcon.colcon_core.shell:Creating environment hook '/home/rodrigo/Documentos/Escuela/Robotica/Cuadrado_ws/install/Cuadrado/share/Cuadrado/hook/ament_prefix_path.ps1'
[11.031s] INFO:colcon.colcon_core.shell:Creating environment descriptor '/home/rodrigo/Documentos/Escuela/Robotica/Cuadrado_ws/install/Cuadrado/share/Cuadrado/hook/ament_prefix_path.dsv'
[11.033s] INFO:colcon.colcon_core.shell:Creating environment hook '/home/rodrigo/Documentos/Escuela/Robotica/Cuadrado_ws/install/Cuadrado/share/Cuadrado/hook/ament_prefix_path.sh'
[11.041s] INFO:colcon.colcon_core.shell:Skip shell extension 'powershell' for command environment: Not usable outside of PowerShell
[11.041s] DEBUG:colcon.colcon_core.shell:Skip shell extension 'dsv' for command environment
[11.282s] INFO:colcon.colcon_core.task.python.build:Building Python package in '/home/rodrigo/Documentos/Escuela/Robotica/Cuadrado_ws/src/Cuadrado'
[11.284s] INFO:colcon.colcon_core.shell:Skip shell extension 'powershell' for command environment: Not usable outside of PowerShell
[11.284s] DEBUG:colcon.colcon_core.shell:Skip shell extension 'dsv' for command environment
[15.451s] DEBUG:colcon.colcon_core.event_handler.log_command:Invoking command in '/home/rodrigo/Documentos/Escuela/Robotica/Cuadrado_ws/src/Cuadrado': PYTHONPATH=/home/rodrigo/Documentos/Escuela/Robotica/Cuadrado_ws/install/Cuadrado/lib/python3.10/site-packages:${PYTHONPATH} /usr/bin/python3 setup.py egg_info --egg-base ../../build/Cuadrado build --build-base /home/rodrigo/Documentos/Escuela/Robotica/Cuadrado_ws/build/Cuadrado/build install --prefix /home/rodrigo/Documentos/Escuela/Robotica/Cuadrado_ws/install/Cuadrado --record /home/rodrigo/Documentos/Escuela/Robotica/Cuadrado_ws/build/Cuadrado/install.log --single-version-externally-managed
[17.443s] DEBUG:colcon.colcon_core.event_handler.log_command:Invoked command in '/home/rodrigo/Documentos/Escuela/Robotica/Cuadrado_ws/src/Cuadrado' returned '0': PYTHONPATH=/home/rodrigo/Documentos/Escuela/Robotica/Cuadrado_ws/install/Cuadrado/lib/python3.10/site-packages:${PYTHONPATH} /usr/bin/python3 setup.py egg_info --egg-base ../../build/Cuadrado build --build-base /home/rodrigo/Documentos/Escuela/Robotica/Cuadrado_ws/build/Cuadrado/build install --prefix /home/rodrigo/Documentos/Escuela/Robotica/Cuadrado_ws/install/Cuadrado --record /home/rodrigo/Documentos/Escuela/Robotica/Cuadrado_ws/build/Cuadrado/install.log --single-version-externally-managed
[18.489s] Level 1:colcon.colcon_core.environment:checking '/home/rodrigo/Documentos/Escuela/Robotica/Cuadrado_ws/install/Cuadrado' for CMake module files
[18.748s] Level 1:colcon.colcon_core.environment:checking '/home/rodrigo/Documentos/Escuela/Robotica/Cuadrado_ws/install/Cuadrado' for CMake config files
[20.355s] Level 1:colcon.colcon_core.environment:checking '/home/rodrigo/Documentos/Escuela/Robotica/Cuadrado_ws/install/Cuadrado/lib'
[20.356s] Level 1:colcon.colcon_core.environment:checking '/home/rodrigo/Documentos/Escuela/Robotica/Cuadrado_ws/install/Cuadrado/bin'
[20.357s] Level 1:colcon.colcon_core.environment:checking '/home/rodrigo/Documentos/Escuela/Robotica/Cuadrado_ws/install/Cuadrado/lib/pkgconfig/Cuadrado.pc'
[20.358s] Level 1:colcon.colcon_core.environment:checking '/home/rodrigo/Documentos/Escuela/Robotica/Cuadrado_ws/install/Cuadrado/lib/python3.10/site-packages'
[20.358s] Level 1:colcon.colcon_core.shell:create_environment_hook('Cuadrado', 'pythonpath')
[20.361s] INFO:colcon.colcon_core.shell:Creating environment hook '/home/rodrigo/Documentos/Escuela/Robotica/Cuadrado_ws/install/Cuadrado/share/Cuadrado/hook/pythonpath.ps1'
[20.361s] INFO:colcon.colcon_core.shell:Creating environment descriptor '/home/rodrigo/Documentos/Escuela/Robotica/Cuadrado_ws/install/Cuadrado/share/Cuadrado/hook/pythonpath.dsv'
[20.362s] INFO:colcon.colcon_core.shell:Creating environment hook '/home/rodrigo/Documentos/Escuela/Robotica/Cuadrado_ws/install/Cuadrado/share/Cuadrado/hook/pythonpath.sh'
[20.362s] Level 1:colcon.colcon_core.environment:checking '/home/rodrigo/Documentos/Escuela/Robotica/Cuadrado_ws/install/Cuadrado/bin'
[20.362s] Level 1:colcon.colcon_core.environment:create_environment_scripts_only(Cuadrado)
[20.364s] INFO:colcon.colcon_core.shell:Creating package script '/home/rodrigo/Documentos/Escuela/Robotica/Cuadrado_ws/install/Cuadrado/share/Cuadrado/package.ps1'
[20.365s] INFO:colcon.colcon_core.shell:Creating package descriptor '/home/rodrigo/Documentos/Escuela/Robotica/Cuadrado_ws/install/Cuadrado/share/Cuadrado/package.dsv'
[20.366s] INFO:colcon.colcon_core.shell:Creating package script '/home/rodrigo/Documentos/Escuela/Robotica/Cuadrado_ws/install/Cuadrado/share/Cuadrado/package.sh'
[20.367s] INFO:colcon.colcon_core.shell:Creating package script '/home/rodrigo/Documentos/Escuela/Robotica/Cuadrado_ws/install/Cuadrado/share/Cuadrado/package.bash'
[20.368s] INFO:colcon.colcon_core.shell:Creating package script '/home/rodrigo/Documentos/Escuela/Robotica/Cuadrado_ws/install/Cuadrado/share/Cuadrado/package.zsh'
[20.369s] Level 1:colcon.colcon_core.environment:create_file_with_runtime_dependencies(/home/rodrigo/Documentos/Escuela/Robotica/Cuadrado_ws/install/Cuadrado/share/colcon-core/packages/Cuadrado)
[20.369s] DEBUG:colcon.colcon_parallel_executor.executor.parallel:closing loop
[20.370s] DEBUG:colcon.colcon_parallel_executor.executor.parallel:loop closed
[20.370s] DEBUG:colcon.colcon_parallel_executor.executor.parallel:run_until_complete finished with '0'
[20.370s] DEBUG:colcon.colcon_core.event_reactor:joining thread
[20.851s] INFO:colcon.colcon_core.plugin_system:Skipping extension 'colcon_notification.desktop_notification.terminal_notifier': Not used on non-Darwin systems
[20.979s] INFO:colcon.colcon_core.plugin_system:Skipping extension 'colcon_notification.desktop_notification.win32': Not used on non-Windows systems
[20.980s] INFO:colcon.colcon_notification.desktop_notification:Sending desktop notification using 'notify2'
[21.010s] DEBUG:colcon.colcon_core.event_reactor:joined thread
[21.015s] INFO:colcon.colcon_core.shell:Creating prefix script '/home/rodrigo/Documentos/Escuela/Robotica/Cuadrado_ws/install/local_setup.ps1'
[21.253s] INFO:colcon.colcon_core.shell:Creating prefix util module '/home/rodrigo/Documentos/Escuela/Robotica/Cuadrado_ws/install/_local_setup_util_ps1.py'
[21.259s] INFO:colcon.colcon_core.shell:Creating prefix chain script '/home/rodrigo/Documentos/Escuela/Robotica/Cuadrado_ws/install/setup.ps1'
[21.264s] INFO:colcon.colcon_core.shell:Creating prefix script '/home/rodrigo/Documentos/Escuela/Robotica/Cuadrado_ws/install/local_setup.sh'
[21.266s] INFO:colcon.colcon_core.shell:Creating prefix util module '/home/rodrigo/Documentos/Escuela/Robotica/Cuadrado_ws/install/_local_setup_util_sh.py'
[21.268s] INFO:colcon.colcon_core.shell:Creating prefix chain script '/home/rodrigo/Documentos/Escuela/Robotica/Cuadrado_ws/install/setup.sh'
[21.275s] INFO:colcon.colcon_core.shell:Creating prefix script '/home/rodrigo/Documentos/Escuela/Robotica/Cuadrado_ws/install/local_setup.bash'
[21.277s] INFO:colcon.colcon_core.shell:Creating prefix chain script '/home/rodrigo/Documentos/Escuela/Robotica/Cuadrado_ws/install/setup.bash'
[21.281s] INFO:colcon.colcon_core.shell:Creating prefix script '/home/rodrigo/Documentos/Escuela/Robotica/Cuadrado_ws/install/local_setup.zsh'
[21.283s] INFO:colcon.colcon_core.shell:Creating prefix chain script '/home/rodrigo/Documentos/Escuela/Robotica/Cuadrado_ws/install/setup.zsh'
