running egg_info
writing ../../build/Cuadrado/Cuadrado.egg-info/PKG-INFO
writing dependency_links to ../../build/Cuadrado/Cuadrado.egg-info/dependency_links.txt
writing entry points to ../../build/Cuadrado/Cuadrado.egg-info/entry_points.txt
writing requirements to ../../build/Cuadrado/Cuadrado.egg-info/requires.txt
writing top-level names to ../../build/Cuadrado/Cuadrado.egg-info/top_level.txt
reading manifest file '../../build/Cuadrado/Cuadrado.egg-info/SOURCES.txt'
writing manifest file '../../build/Cuadrado/Cuadrado.egg-info/SOURCES.txt'
running build
running build_py
copying Cuadrado/cuadrado_prueba.py -> /home/rodrigo/Documentos/Escuela/Robotica/Cuadrado_ws/build/Cuadrado/build/lib/Cuadrado
running install
/usr/lib/python3/dist-packages/setuptools/command/install.py:34: SetuptoolsDeprecationWarning: setup.py install is deprecated. Use build and pip and other standards-based tools.
  warnings.warn(
running install_lib
copying /home/rodrigo/Documentos/Escuela/Robotica/Cuadrado_ws/build/Cuadrado/build/lib/Cuadrado/cuadrado_prueba.py -> /home/rodrigo/Documentos/Escuela/Robotica/Cuadrado_ws/install/Cuadrado/lib/python3.10/site-packages/Cuadrado
byte-compiling /home/rodrigo/Documentos/Escuela/Robotica/Cuadrado_ws/install/Cuadrado/lib/python3.10/site-packages/Cuadrado/cuadrado_prueba.py to cuadrado_prueba.cpython-310.pyc
running install_data
running install_egg_info
removing '/home/rodrigo/Documentos/Escuela/Robotica/Cuadrado_ws/install/Cuadrado/lib/python3.10/site-packages/Cuadrado-0.0.0-py3.10.egg-info' (and everything under it)
Copying ../../build/Cuadrado/Cuadrado.egg-info to /home/rodrigo/Documentos/Escuela/Robotica/Cuadrado_ws/install/Cuadrado/lib/python3.10/site-packages/Cuadrado-0.0.0-py3.10.egg-info
running install_scripts
Installing Cuadrado script to /home/rodrigo/Documentos/Escuela/Robotica/Cuadrado_ws/install/Cuadrado/lib/Cuadrado
writing list of installed files to '/home/rodrigo/Documentos/Escuela/Robotica/Cuadrado_ws/build/Cuadrado/install.log'
