[3.931s] DEBUG:colcon:Command line arguments: ['/usr/bin/colcon', 'build', '--parallel-workers', '1', '--cmake-args', '-DCMAKE_CXX_FLAGS=--param ggc-min-expand=20']
[3.931s] DEBUG:colcon:Parsed command line arguments: Namespace(log_base=None, log_level=None, verb_name='build', build_base='build', install_base='install', merge_install=False, symlink_install=False, test_result_base=None, continue_on_error=False, executor='parallel', parallel_workers=1, event_handlers=None, ignore_user_meta=False, metas=['./colcon.meta'], base_paths=['.'], packages_ignore=None, packages_ignore_regex=None, paths=None, packages_up_to=None, packages_up_to_regex=None, packages_above=None, packages_above_and_dependencies=None, packages_above_depth=None, packages_select_by_dep=None, packages_skip_by_dep=None, packages_skip_up_to=None, packages_select_build_failed=False, packages_skip_build_finished=False, packages_select_test_failures=False, packages_skip_test_passed=False, packages_select=None, packages_skip=None, packages_select_regex=None, packages_skip_regex=None, packages_start=None, packages_end=None, allow_overriding=[], cmake_args=['-DCMAKE_CXX_FLAGS=--param ggc-min-expand=20'], cmake_target=None, cmake_target_skip_unavailable=False, cmake_clean_cache=False, cmake_clean_first=False, cmake_force_configure=False, ament_cmake_args=None, catkin_cmake_args=None, catkin_skip_building_tests=False, verb_parser=<colcon_defaults.argument_parser.defaults.DefaultArgumentsDecorator object at 0x7f6c6bb88bb0>, verb_extension=<colcon_core.verb.build.BuildVerb object at 0x7f6c6c499a80>, main=<bound method BuildVerb.main of <colcon_core.verb.build.BuildVerb object at 0x7f6c6c499a80>>)
[4.749s] Level 1:colcon.colcon_core.package_discovery:discover_packages(colcon_meta) check parameters
[4.749s] Level 1:colcon.colcon_core.package_discovery:discover_packages(recursive) check parameters
[4.749s] Level 1:colcon.colcon_core.package_discovery:discover_packages(ignore) check parameters
[4.749s] Level 1:colcon.colcon_core.package_discovery:discover_packages(path) check parameters
[4.749s] Level 1:colcon.colcon_core.package_discovery:discover_packages(colcon_meta) discover
[4.749s] Level 1:colcon.colcon_core.package_discovery:discover_packages(recursive) discover
[4.750s] INFO:colcon.colcon_core.package_discovery:Crawling recursively for packages in '/home/rodrigo/Documentos/Escuela/Robotica/Cuadrado_ws'
[4.750s] Level 1:colcon.colcon_core.package_identification:_identify(.) by extensions ['ignore', 'ignore_ament_install']
[4.750s] Level 1:colcon.colcon_core.package_identification:_identify(.) by extension 'ignore'
[4.750s] Level 1:colcon.colcon_core.package_identification:_identify(.) by extension 'ignore_ament_install'
[4.750s] Level 1:colcon.colcon_core.package_identification:_identify(.) by extensions ['colcon_pkg']
[4.750s] Level 1:colcon.colcon_core.package_identification:_identify(.) by extension 'colcon_pkg'
[4.751s] Level 1:colcon.colcon_core.package_identification:_identify(.) by extensions ['colcon_meta']
[4.751s] Level 1:colcon.colcon_core.package_identification:_identify(.) by extension 'colcon_meta'
[4.751s] Level 1:colcon.colcon_core.package_identification:_identify(.) by extensions ['ros']
[4.751s] Level 1:colcon.colcon_core.package_identification:_identify(.) by extension 'ros'
[4.775s] Level 1:colcon.colcon_core.package_identification:_identify(.) by extensions ['cmake', 'python']
[4.775s] Level 1:colcon.colcon_core.package_identification:_identify(.) by extension 'cmake'
[4.775s] Level 1:colcon.colcon_core.package_identification:_identify(.) by extension 'python'
[4.776s] Level 1:colcon.colcon_core.package_identification:_identify(.) by extensions ['python_setup_py']
[4.776s] Level 1:colcon.colcon_core.package_identification:_identify(.) by extension 'python_setup_py'
[4.776s] Level 1:colcon.colcon_core.package_identification:_identify(build) by extensions ['ignore', 'ignore_ament_install']
[4.776s] Level 1:colcon.colcon_core.package_identification:_identify(build) by extension 'ignore'
[4.776s] Level 1:colcon.colcon_core.package_identification:_identify(build) ignored
[4.776s] Level 1:colcon.colcon_core.package_identification:_identify(install) by extensions ['ignore', 'ignore_ament_install']
[4.776s] Level 1:colcon.colcon_core.package_identification:_identify(install) by extension 'ignore'
[4.777s] Level 1:colcon.colcon_core.package_identification:_identify(install) ignored
[4.777s] Level 1:colcon.colcon_core.package_identification:_identify(log) by extensions ['ignore', 'ignore_ament_install']
[4.777s] Level 1:colcon.colcon_core.package_identification:_identify(log) by extension 'ignore'
[4.777s] Level 1:colcon.colcon_core.package_identification:_identify(log) ignored
[4.777s] Level 1:colcon.colcon_core.package_identification:_identify(src) by extensions ['ignore', 'ignore_ament_install']
[4.777s] Level 1:colcon.colcon_core.package_identification:_identify(src) by extension 'ignore'
[4.777s] Level 1:colcon.colcon_core.package_identification:_identify(src) by extension 'ignore_ament_install'
[4.777s] Level 1:colcon.colcon_core.package_identification:_identify(src) by extensions ['colcon_pkg']
[4.777s] Level 1:colcon.colcon_core.package_identification:_identify(src) by extension 'colcon_pkg'
[4.777s] Level 1:colcon.colcon_core.package_identification:_identify(src) by extensions ['colcon_meta']
[4.778s] Level 1:colcon.colcon_core.package_identification:_identify(src) by extension 'colcon_meta'
[4.778s] Level 1:colcon.colcon_core.package_identification:_identify(src) by extensions ['ros']
[4.778s] Level 1:colcon.colcon_core.package_identification:_identify(src) by extension 'ros'
[4.778s] Level 1:colcon.colcon_core.package_identification:_identify(src) by extensions ['cmake', 'python']
[4.778s] Level 1:colcon.colcon_core.package_identification:_identify(src) by extension 'cmake'
[4.778s] Level 1:colcon.colcon_core.package_identification:_identify(src) by extension 'python'
[4.778s] Level 1:colcon.colcon_core.package_identification:_identify(src) by extensions ['python_setup_py']
[4.778s] Level 1:colcon.colcon_core.package_identification:_identify(src) by extension 'python_setup_py'
[4.778s] Level 1:colcon.colcon_core.package_discovery:discover_packages(recursive) using defaults
[4.778s] Level 1:colcon.colcon_core.package_discovery:discover_packages(ignore) discover
[4.778s] Level 1:colcon.colcon_core.package_discovery:discover_packages(ignore) using defaults
[4.778s] Level 1:colcon.colcon_core.package_discovery:discover_packages(path) discover
[4.778s] Level 1:colcon.colcon_core.package_discovery:discover_packages(path) using defaults
[5.043s] Level 1:colcon.colcon_core.package_discovery:discover_packages(prefix_path) check parameters
[5.043s] Level 1:colcon.colcon_core.package_discovery:discover_packages(prefix_path) discover
[5.051s] DEBUG:colcon.colcon_installed_package_information.package_discovery:Found 282 installed packages in /opt/ros/humble
[5.053s] Level 1:colcon.colcon_core.package_discovery:discover_packages(prefix_path) using defaults
[5.121s] INFO:colcon.colcon_core.executor:Executing jobs using 'parallel' executor
[5.125s] DEBUG:colcon.colcon_parallel_executor.executor.parallel:run_until_complete
[5.125s] DEBUG:colcon.colcon_parallel_executor.executor.parallel:closing loop
[5.125s] DEBUG:colcon.colcon_parallel_executor.executor.parallel:loop closed
[5.125s] DEBUG:colcon.colcon_parallel_executor.executor.parallel:run_until_complete finished with '0'
[5.125s] DEBUG:colcon.colcon_core.event_reactor:joining thread
[5.227s] INFO:colcon.colcon_core.plugin_system:Skipping extension 'colcon_notification.desktop_notification.terminal_notifier': Not used on non-Darwin systems
[5.227s] INFO:colcon.colcon_core.plugin_system:Skipping extension 'colcon_notification.desktop_notification.win32': Not used on non-Windows systems
[5.227s] INFO:colcon.colcon_notification.desktop_notification:Sending desktop notification using 'notify2'
[5.253s] DEBUG:colcon.colcon_core.event_reactor:joined thread
[5.551s] INFO:colcon.colcon_core.plugin_system:Skipping extension 'colcon_core.shell.bat': Not used on non-Windows systems
[5.552s] INFO:colcon.colcon_core.shell:Creating prefix script '/home/rodrigo/Documentos/Escuela/Robotica/Cuadrado_ws/install/local_setup.ps1'
[5.574s] INFO:colcon.colcon_core.shell:Creating prefix util module '/home/rodrigo/Documentos/Escuela/Robotica/Cuadrado_ws/install/_local_setup_util_ps1.py'
[5.586s] INFO:colcon.colcon_core.shell:Creating prefix chain script '/home/rodrigo/Documentos/Escuela/Robotica/Cuadrado_ws/install/setup.ps1'
[5.592s] INFO:colcon.colcon_core.shell:Creating prefix script '/home/rodrigo/Documentos/Escuela/Robotica/Cuadrado_ws/install/local_setup.sh'
[5.594s] INFO:colcon.colcon_core.shell:Creating prefix util module '/home/rodrigo/Documentos/Escuela/Robotica/Cuadrado_ws/install/_local_setup_util_sh.py'
[5.596s] INFO:colcon.colcon_core.shell:Creating prefix chain script '/home/rodrigo/Documentos/Escuela/Robotica/Cuadrado_ws/install/setup.sh'
[5.601s] INFO:colcon.colcon_core.shell:Creating prefix script '/home/rodrigo/Documentos/Escuela/Robotica/Cuadrado_ws/install/local_setup.bash'
[5.603s] INFO:colcon.colcon_core.shell:Creating prefix chain script '/home/rodrigo/Documentos/Escuela/Robotica/Cuadrado_ws/install/setup.bash'
[5.608s] INFO:colcon.colcon_core.shell:Creating prefix script '/home/rodrigo/Documentos/Escuela/Robotica/Cuadrado_ws/install/local_setup.zsh'
[5.611s] INFO:colcon.colcon_core.shell:Creating prefix chain script '/home/rodrigo/Documentos/Escuela/Robotica/Cuadrado_ws/install/setup.zsh'
