[4.552s] Invoking command in '/home/rodrigo/Documentos/Escuela/Robotica/Cuadrado_ws/src/Cuadrado': PYTHONPATH=/home/rodrigo/Documentos/Escuela/Robotica/Cuadrado_ws/install/Cuadrado/lib/python3.10/site-packages:${PYTHONPATH} /usr/bin/python3 setup.py egg_info --egg-base ../../build/Cuadrado build --build-base /home/rodrigo/Documentos/Escuela/Robotica/Cuadrado_ws/build/Cuadrado/build install --prefix /home/rodrigo/Documentos/Escuela/Robotica/Cuadrado_ws/install/Cuadrado --record /home/rodrigo/Documentos/Escuela/Robotica/Cuadrado_ws/build/Cuadrado/install.log --single-version-externally-managed
[4.772s] running egg_info
[4.846s] writing ../../build/Cuadrado/Cuadrado.egg-info/PKG-INFO
[4.847s] writing dependency_links to ../../build/Cuadrado/Cuadrado.egg-info/dependency_links.txt
[4.848s] writing entry points to ../../build/Cuadrado/Cuadrado.egg-info/entry_points.txt
[4.848s] writing requirements to ../../build/Cuadrado/Cuadrado.egg-info/requires.txt
[4.849s] writing top-level names to ../../build/Cuadrado/Cuadrado.egg-info/top_level.txt
[5.233s] reading manifest file '../../build/Cuadrado/Cuadrado.egg-info/SOURCES.txt'
[5.600s] writing manifest file '../../build/Cuadrado/Cuadrado.egg-info/SOURCES.txt'
[5.600s] running build
[5.601s] running build_py
[5.601s] running install
[5.602s] /usr/lib/python3/dist-packages/setuptools/command/install.py:34: SetuptoolsDeprecationWarning: setup.py install is deprecated. Use build and pip and other standards-based tools.
[5.602s]   warnings.warn(
[5.603s] running install_lib
[5.903s] running install_data
[5.906s] copying package.xml -> /home/rodrigo/Documentos/Escuela/Robotica/Cuadrado_ws/install/Cuadrado/share/Cuadrado
[6.158s] running install_egg_info
[6.162s] removing '/home/rodrigo/Documentos/Escuela/Robotica/Cuadrado_ws/install/Cuadrado/lib/python3.10/site-packages/Cuadrado-0.0.0-py3.10.egg-info' (and everything under it)
[6.464s] Copying ../../build/Cuadrado/Cuadrado.egg-info to /home/rodrigo/Documentos/Escuela/Robotica/Cuadrado_ws/install/Cuadrado/lib/python3.10/site-packages/Cuadrado-0.0.0-py3.10.egg-info
[6.467s] running install_scripts
[6.519s] Installing Cuadrado script to /home/rodrigo/Documentos/Escuela/Robotica/Cuadrado_ws/install/Cuadrado/lib/Cuadrado
[6.520s] writing list of installed files to '/home/rodrigo/Documentos/Escuela/Robotica/Cuadrado_ws/build/Cuadrado/install.log'
[6.544s] Invoked command in '/home/rodrigo/Documentos/Escuela/Robotica/Cuadrado_ws/src/Cuadrado' returned '0': PYTHONPATH=/home/rodrigo/Documentos/Escuela/Robotica/Cuadrado_ws/install/Cuadrado/lib/python3.10/site-packages:${PYTHONPATH} /usr/bin/python3 setup.py egg_info --egg-base ../../build/Cuadrado build --build-base /home/rodrigo/Documentos/Escuela/Robotica/Cuadrado_ws/build/Cuadrado/build install --prefix /home/rodrigo/Documentos/Escuela/Robotica/Cuadrado_ws/install/Cuadrado --record /home/rodrigo/Documentos/Escuela/Robotica/Cuadrado_ws/build/Cuadrado/install.log --single-version-externally-managed
